#
# There is insufficient memory for the Java Runtime Environment to continue.
# Native memory allocation (malloc) failed to allocate 1143056 bytes. Error detail: Chunk::new
# Possible reasons:
#   The system is out of physical RAM or swap space
#   This process is running with CompressedOops enabled, and the Java Heap may be blocking the growth of the native heap
# Possible solutions:
#   Reduce memory load on the system
#   Increase physical memory or swap space
#   Check if swap backing store is full
#   Decrease Java heap size (-Xmx/-Xms)
#   Decrease number of Java threads
#   Decrease Java thread stack sizes (-Xss)
#   Set larger code cache with -XX:ReservedCodeCacheSize=
#   JVM is running with Zero Based Compressed Oops mode in which the Java heap is
#     placed in the first 32GB address space. The Java Heap base address is the
#     maximum limit for the native heap growth. Please use -XX:HeapBaseMinAddress
#     to set the Java Heap base and to place the Java Heap above 32GB virtual address.
# This output file may be truncated or incomplete.
#
#  Out of Memory Error (arena.cpp:149), pid=22656, tid=24472
#
# JRE version: OpenJDK Runtime Environment Corretto-23.0.2.7.1 (23.0.2+7) (build 23.0.2+7-FR)
# Java VM: OpenJDK 64-Bit Server VM Corretto-23.0.2.7.1 (23.0.2+7-FR, mixed mode, sharing, tiered, compressed oops, compressed class ptrs, g1 gc, windows-amd64)
# No core dump will be written. Minidumps are not enabled by default on client versions of Windows
#

---------------  S U M M A R Y ------------

Command Line: -javaagent:C:\Program Files\JetBrains\IntelliJ IDEA Community Edition 2024.3.5\lib\idea_rt.jar=64253 -Dfile.encoding=UTF-8 -Dsun.stdout.encoding=UTF-8 -Dsun.stderr.encoding=UTF-8 com.restaurant.restaurant_manager.RestaurantManagerApplication

Host: 11th Gen Intel(R) Core(TM) i5-1135G7 @ 2.40GHz, 8 cores, 15G,  Windows 11 , 64 bit Build 26100 (10.0.26100.7309)
Time: Wed Dec 17 23:45:28 2025 SE Asia Standard Time elapsed time: 1.223505 seconds (0d 0h 0m 1s)

---------------  T H R E A D  ---------------

Current thread (0x00000188257c6c70):  JavaThread "C2 CompilerThread0" daemon [_thread_in_native, id=24472, stack(0x0000002423800000,0x0000002423900000) (1024K)]


Current CompileTask:
C2:1223 2206       4       java.lang.invoke.MethodType::makeImpl (109 bytes)

Stack: [0x0000002423800000,0x0000002423900000]
Native frames: (J=compiled Java code, j=interpreted, Vv=VM code, C=native code)
V  [jvm.dll+0x6f3b69]  (no source info available)
V  [jvm.dll+0x8e5d05]  (no source info available)
V  [jvm.dll+0x8e7fbe]  (no source info available)
V  [jvm.dll+0x8e86a3]  (no source info available)
V  [jvm.dll+0x285ee6]  (no source info available)
V  [jvm.dll+0xbd2df]  (no source info available)
V  [jvm.dll+0xbd53b]  (no source info available)
V  [jvm.dll+0x2fc410]  (no source info available)
V  [jvm.dll+0x615747]  (no source info available)
V  [jvm.dll+0x2587b2]  (no source info available)
V  [jvm.dll+0x258b95]  (no source info available)
V  [jvm.dll+0x250feb]  (no source info available)
V  [jvm.dll+0x24e630]  (no source info available)
V  [jvm.dll+0x1cb73a]  (no source info available)
V  [jvm.dll+0x25e6b1]  (no source info available)
V  [jvm.dll+0x25c97b]  (no source info available)
V  [jvm.dll+0x3fd8f6]  (no source info available)
V  [jvm.dll+0x88b4a8]  (no source info available)
V  [jvm.dll+0x6f23a5]  (no source info available)
C  [ucrtbase.dll+0x37b0]  (no source info available)
C  [KERNEL32.DLL+0x2e8d7]  (no source info available)
C  [ntdll.dll+0x8c53c]  (no source info available)

Lock stack of current Java thread (top to bottom):


---------------  P R O C E S S  ---------------

Threads class SMR info:
_java_thread_list=0x000001886bde7540, length=15, elements={
0x00000188060e3480, 0x00000188257ac590, 0x00000188257ad0e0, 0x00000188257b1450,
0x00000188257b2d70, 0x00000188257b4db0, 0x00000188257b85b0, 0x00000188257c6c70,
0x00000188257bcb10, 0x00000188258b8c80, 0x0000018825adaba0, 0x0000018825a4fb00,
0x0000018825a50170, 0x000001886c0062c0, 0x000001886c191810
}

Java Threads: ( => current thread )
  0x00000188060e3480 JavaThread "main"                              [_thread_in_Java, id=17932, stack(0x0000002422a00000,0x0000002422b00000) (1024K)]
  0x00000188257ac590 JavaThread "Reference Handler"          daemon [_thread_blocked, id=4868, stack(0x0000002423200000,0x0000002423300000) (1024K)]
  0x00000188257ad0e0 JavaThread "Finalizer"                  daemon [_thread_blocked, id=3920, stack(0x0000002423300000,0x0000002423400000) (1024K)]
  0x00000188257b1450 JavaThread "Signal Dispatcher"          daemon [_thread_blocked, id=4008, stack(0x0000002423400000,0x0000002423500000) (1024K)]
  0x00000188257b2d70 JavaThread "Attach Listener"            daemon [_thread_blocked, id=13484, stack(0x0000002423500000,0x0000002423600000) (1024K)]
  0x00000188257b4db0 JavaThread "Service Thread"             daemon [_thread_blocked, id=8816, stack(0x0000002423600000,0x0000002423700000) (1024K)]
  0x00000188257b85b0 JavaThread "Monitor Deflation Thread"   daemon [_thread_blocked, id=24296, stack(0x0000002423700000,0x0000002423800000) (1024K)]
=>0x00000188257c6c70 JavaThread "C2 CompilerThread0"         daemon [_thread_in_native, id=24472, stack(0x0000002423800000,0x0000002423900000) (1024K)]
  0x00000188257bcb10 JavaThread "C1 CompilerThread0"         daemon [_thread_in_native, id=14228, stack(0x0000002423900000,0x0000002423a00000) (1024K)]
  0x00000188258b8c80 JavaThread "Common-Cleaner"             daemon [_thread_blocked, id=17912, stack(0x0000002423a00000,0x0000002423b00000) (1024K)]
  0x0000018825adaba0 JavaThread "C2 CompilerThread1"         daemon [_thread_in_native, id=19112, stack(0x0000002423b00000,0x0000002423c00000) (1024K)]
  0x0000018825a4fb00 JavaThread "Monitor Ctrl-Break"         daemon [_thread_in_native, id=3924, stack(0x0000002423c00000,0x0000002423d00000) (1024K)]
  0x0000018825a50170 JavaThread "Notification Thread"        daemon [_thread_blocked, id=23344, stack(0x0000002423d00000,0x0000002423e00000) (1024K)]
  0x000001886c0062c0 JavaThread "background-preinit"                [_thread_in_native, id=24172, stack(0x0000002424300000,0x0000002424400000) (1024K)]
  0x000001886c191810 JavaThread "C2 CompilerThread2"         daemon [_thread_in_native, id=13716, stack(0x0000002424600000,0x0000002424700000) (1024K)]
Total: 15

Other Threads:
  0x0000018825794010 VMThread "VM Thread"                           [id=2300, stack(0x0000002423100000,0x0000002423200000) (1024K)]
  0x0000018825780f60 WatcherThread "VM Periodic Task Thread"        [id=12200, stack(0x0000002423000000,0x0000002423100000) (1024K)]
  0x0000018806146b80 WorkerThread "GC Thread#0"                     [id=19664, stack(0x0000002422b00000,0x0000002422c00000) (1024K)]
  0x000001886b9eff90 WorkerThread "GC Thread#1"                     [id=19084, stack(0x0000002423e00000,0x0000002423f00000) (1024K)]
  0x000001886b9f0340 WorkerThread "GC Thread#2"                     [id=1660, stack(0x0000002423f00000,0x0000002424000000) (1024K)]
  0x000001886b9f06f0 WorkerThread "GC Thread#3"                     [id=23392, stack(0x0000002424000000,0x0000002424100000) (1024K)]
  0x000001886b61f460 WorkerThread "GC Thread#4"                     [id=20628, stack(0x0000002424100000,0x0000002424200000) (1024K)]
  0x000001886b61f810 WorkerThread "GC Thread#5"                     [id=15552, stack(0x0000002424200000,0x0000002424300000) (1024K)]
  0x000001886be068d0 WorkerThread "GC Thread#6"                     [id=17560, stack(0x0000002424400000,0x0000002424500000) (1024K)]
  0x000001886ba500a0 WorkerThread "GC Thread#7"                     [id=15864, stack(0x0000002424500000,0x0000002424600000) (1024K)]
  0x000001880615b690 ConcurrentGCThread "G1 Main Marker"            [id=15340, stack(0x0000002422c00000,0x0000002422d00000) (1024K)]
  0x0000018803dbe960 WorkerThread "G1 Conc#0"                       [id=23760, stack(0x0000002422d00000,0x0000002422e00000) (1024K)]
  0x000001882564dda0 ConcurrentGCThread "G1 Refine#0"               [id=11024, stack(0x0000002422e00000,0x0000002422f00000) (1024K)]
  0x000001882564e5d0 ConcurrentGCThread "G1 Service"                [id=1192, stack(0x0000002422f00000,0x0000002423000000) (1024K)]
Total: 14

Threads with active compile tasks:
C2 CompilerThread0  1265 2206       4       java.lang.invoke.MethodType::makeImpl (109 bytes)
C1 CompilerThread0  1265 2439   !   3       jdk.internal.reflect.DirectConstructorHandleAccessor::newInstance (130 bytes)
C2 CompilerThread1  1266 2292       4       java.lang.invoke.MethodType::methodType (69 bytes)
C2 CompilerThread2  1266 2422       4       java.lang.String::<init> (98 bytes)
Total: 4

VM state: not at safepoint (normal execution)

VM Mutex/Monitor currently owned by a thread: None

Heap address: 0x0000000704200000, size: 4030 MB, Compressed Oops mode: Zero based, Oop shift amount: 3

CDS archive(s) mapped at: [0x0000018826000000-0x0000018826d70000-0x0000018826d70000), size 14090240, SharedBaseAddress: 0x0000018826000000, ArchiveRelocationMode: 1.
Compressed class space mapped at: 0x0000018827000000-0x0000018867000000, reserved size: 1073741824
Narrow klass base: 0x0000018826000000, Narrow klass shift: 0, Narrow klass range: 0x41000000

GC Precious Log:
 CardTable entry size: 512
 Card Set container configuration: InlinePtr #cards 4 size 8 Array Of Cards #cards 16 size 48 Howl #buckets 8 coarsen threshold 3686 Howl Bitmap #cards 512 size 80 coarsen threshold 460 Card regions per heap region 1 cards per card region 4096
 CPUs: 8 total, 8 available
 Memory: 16118M
 Large Page Support: Disabled
 NUMA Support: Disabled
 Compressed Oops: Enabled (Zero based)
 Heap Region Size: 2M
 Heap Min Capacity: 8M
 Heap Initial Capacity: 252M
 Heap Max Capacity: 4030M
 Pre-touch: Disabled
 Parallel Workers: 8
 Concurrent Workers: 2
 Concurrent Refinement Workers: 8
 Periodic GC: Disabled

Heap:
 garbage-first heap   total reserved 4126720K, committed 258048K, used 26717K [0x0000000704200000, 0x0000000800000000)
  region size 2048K, 11 young (22528K), 1 survivors (2048K)
 Metaspace       used 17321K, committed 17664K, reserved 1114112K
  class space    used 2271K, committed 2432K, reserved 1048576K

Heap Regions: E=young(eden), S=young(survivor), O=old, HS=humongous(starts), HC=humongous(continues), CS=collection set, F=free, TAMS=top-at-mark-start, PB=parsable bottom
|   0|0x0000000704200000, 0x0000000704400000, 0x0000000704400000|100%| O|  |TAMS 0x0000000704200000| PB 0x0000000704200000| Untracked |  0
|   1|0x0000000704400000, 0x0000000704600000, 0x0000000704600000|100%| O|  |TAMS 0x0000000704400000| PB 0x0000000704400000| Untracked |  0
|   2|0x0000000704600000, 0x0000000704800000, 0x0000000704800000|100%| O|  |TAMS 0x0000000704600000| PB 0x0000000704600000| Untracked |  0
|   3|0x0000000704800000, 0x0000000704a00000, 0x0000000704a00000|100%| O|  |TAMS 0x0000000704800000| PB 0x0000000704800000| Untracked |  0
|   4|0x0000000704a00000, 0x0000000704a68100, 0x0000000704c00000| 20%| O|  |TAMS 0x0000000704a00000| PB 0x0000000704a00000| Untracked |  0
|   5|0x0000000704c00000, 0x0000000704c00000, 0x0000000704e00000|  0%| F|  |TAMS 0x0000000704c00000| PB 0x0000000704c00000| Untracked |  0
|   6|0x0000000704e00000, 0x0000000704e00000, 0x0000000705000000|  0%| F|  |TAMS 0x0000000704e00000| PB 0x0000000704e00000| Untracked |  0
|   7|0x0000000705000000, 0x0000000705000000, 0x0000000705200000|  0%| F|  |TAMS 0x0000000705000000| PB 0x0000000705000000| Untracked |  0
|   8|0x0000000705200000, 0x0000000705200000, 0x0000000705400000|  0%| F|  |TAMS 0x0000000705200000| PB 0x0000000705200000| Untracked |  0
|   9|0x0000000705400000, 0x0000000705400000, 0x0000000705600000|  0%| F|  |TAMS 0x0000000705400000| PB 0x0000000705400000| Untracked |  0
|  10|0x0000000705600000, 0x0000000705600000, 0x0000000705800000|  0%| F|  |TAMS 0x0000000705600000| PB 0x0000000705600000| Untracked |  0
|  11|0x0000000705800000, 0x0000000705800000, 0x0000000705a00000|  0%| F|  |TAMS 0x0000000705800000| PB 0x0000000705800000| Untracked |  0
|  12|0x0000000705a00000, 0x0000000705a00000, 0x0000000705c00000|  0%| F|  |TAMS 0x0000000705a00000| PB 0x0000000705a00000| Untracked |  0
|  13|0x0000000705c00000, 0x0000000705c00000, 0x0000000705e00000|  0%| F|  |TAMS 0x0000000705c00000| PB 0x0000000705c00000| Untracked |  0
|  14|0x0000000705e00000, 0x0000000705e00000, 0x0000000706000000|  0%| F|  |TAMS 0x0000000705e00000| PB 0x0000000705e00000| Untracked |  0
|  15|0x0000000706000000, 0x0000000706000000, 0x0000000706200000|  0%| F|  |TAMS 0x0000000706000000| PB 0x0000000706000000| Untracked |  0
|  16|0x0000000706200000, 0x0000000706200000, 0x0000000706400000|  0%| F|  |TAMS 0x0000000706200000| PB 0x0000000706200000| Untracked |  0
|  17|0x0000000706400000, 0x0000000706400000, 0x0000000706600000|  0%| F|  |TAMS 0x0000000706400000| PB 0x0000000706400000| Untracked |  0
|  18|0x0000000706600000, 0x0000000706600000, 0x0000000706800000|  0%| F|  |TAMS 0x0000000706600000| PB 0x0000000706600000| Untracked |  0
|  19|0x0000000706800000, 0x0000000706800000, 0x0000000706a00000|  0%| F|  |TAMS 0x0000000706800000| PB 0x0000000706800000| Untracked |  0
|  20|0x0000000706a00000, 0x0000000706a00000, 0x0000000706c00000|  0%| F|  |TAMS 0x0000000706a00000| PB 0x0000000706a00000| Untracked |  0
|  21|0x0000000706c00000, 0x0000000706c00000, 0x0000000706e00000|  0%| F|  |TAMS 0x0000000706c00000| PB 0x0000000706c00000| Untracked |  0
|  22|0x0000000706e00000, 0x0000000706e00000, 0x0000000707000000|  0%| F|  |TAMS 0x0000000706e00000| PB 0x0000000706e00000| Untracked |  0
|  23|0x0000000707000000, 0x0000000707000000, 0x0000000707200000|  0%| F|  |TAMS 0x0000000707000000| PB 0x0000000707000000| Untracked |  0
|  24|0x0000000707200000, 0x0000000707200000, 0x0000000707400000|  0%| F|  |TAMS 0x0000000707200000| PB 0x0000000707200000| Untracked |  0
|  25|0x0000000707400000, 0x0000000707400000, 0x0000000707600000|  0%| F|  |TAMS 0x0000000707400000| PB 0x0000000707400000| Untracked |  0
|  26|0x0000000707600000, 0x0000000707600000, 0x0000000707800000|  0%| F|  |TAMS 0x0000000707600000| PB 0x0000000707600000| Untracked |  0
|  27|0x0000000707800000, 0x0000000707800000, 0x0000000707a00000|  0%| F|  |TAMS 0x0000000707800000| PB 0x0000000707800000| Untracked |  0
|  28|0x0000000707a00000, 0x0000000707a00000, 0x0000000707c00000|  0%| F|  |TAMS 0x0000000707a00000| PB 0x0000000707a00000| Untracked |  0
|  29|0x0000000707c00000, 0x0000000707c00000, 0x0000000707e00000|  0%| F|  |TAMS 0x0000000707c00000| PB 0x0000000707c00000| Untracked |  0
|  30|0x0000000707e00000, 0x0000000707e00000, 0x0000000708000000|  0%| F|  |TAMS 0x0000000707e00000| PB 0x0000000707e00000| Untracked |  0
|  31|0x0000000708000000, 0x0000000708000000, 0x0000000708200000|  0%| F|  |TAMS 0x0000000708000000| PB 0x0000000708000000| Untracked |  0
|  32|0x0000000708200000, 0x0000000708200000, 0x0000000708400000|  0%| F|  |TAMS 0x0000000708200000| PB 0x0000000708200000| Untracked |  0
|  33|0x0000000708400000, 0x0000000708400000, 0x0000000708600000|  0%| F|  |TAMS 0x0000000708400000| PB 0x0000000708400000| Untracked |  0
|  34|0x0000000708600000, 0x0000000708600000, 0x0000000708800000|  0%| F|  |TAMS 0x0000000708600000| PB 0x0000000708600000| Untracked |  0
|  35|0x0000000708800000, 0x0000000708800000, 0x0000000708a00000|  0%| F|  |TAMS 0x0000000708800000| PB 0x0000000708800000| Untracked |  0
|  36|0x0000000708a00000, 0x0000000708a00000, 0x0000000708c00000|  0%| F|  |TAMS 0x0000000708a00000| PB 0x0000000708a00000| Untracked |  0
|  37|0x0000000708c00000, 0x0000000708c00000, 0x0000000708e00000|  0%| F|  |TAMS 0x0000000708c00000| PB 0x0000000708c00000| Untracked |  0
|  38|0x0000000708e00000, 0x0000000708e00000, 0x0000000709000000|  0%| F|  |TAMS 0x0000000708e00000| PB 0x0000000708e00000| Untracked |  0
|  39|0x0000000709000000, 0x0000000709000000, 0x0000000709200000|  0%| F|  |TAMS 0x0000000709000000| PB 0x0000000709000000| Untracked |  0
|  40|0x0000000709200000, 0x0000000709200000, 0x0000000709400000|  0%| F|  |TAMS 0x0000000709200000| PB 0x0000000709200000| Untracked |  0
|  41|0x0000000709400000, 0x0000000709400000, 0x0000000709600000|  0%| F|  |TAMS 0x0000000709400000| PB 0x0000000709400000| Untracked |  0
|  42|0x0000000709600000, 0x0000000709600000, 0x0000000709800000|  0%| F|  |TAMS 0x0000000709600000| PB 0x0000000709600000| Untracked |  0
|  43|0x0000000709800000, 0x0000000709800000, 0x0000000709a00000|  0%| F|  |TAMS 0x0000000709800000| PB 0x0000000709800000| Untracked |  0
|  44|0x0000000709a00000, 0x0000000709a00000, 0x0000000709c00000|  0%| F|  |TAMS 0x0000000709a00000| PB 0x0000000709a00000| Untracked |  0
|  45|0x0000000709c00000, 0x0000000709c00000, 0x0000000709e00000|  0%| F|  |TAMS 0x0000000709c00000| PB 0x0000000709c00000| Untracked |  0
|  46|0x0000000709e00000, 0x0000000709e00000, 0x000000070a000000|  0%| F|  |TAMS 0x0000000709e00000| PB 0x0000000709e00000| Untracked |  0
|  47|0x000000070a000000, 0x000000070a000000, 0x000000070a200000|  0%| F|  |TAMS 0x000000070a000000| PB 0x000000070a000000| Untracked |  0
|  48|0x000000070a200000, 0x000000070a200000, 0x000000070a400000|  0%| F|  |TAMS 0x000000070a200000| PB 0x000000070a200000| Untracked |  0
|  49|0x000000070a400000, 0x000000070a400000, 0x000000070a600000|  0%| F|  |TAMS 0x000000070a400000| PB 0x000000070a400000| Untracked |  0
|  50|0x000000070a600000, 0x000000070a600000, 0x000000070a800000|  0%| F|  |TAMS 0x000000070a600000| PB 0x000000070a600000| Untracked |  0
|  51|0x000000070a800000, 0x000000070a800000, 0x000000070aa00000|  0%| F|  |TAMS 0x000000070a800000| PB 0x000000070a800000| Untracked |  0
|  52|0x000000070aa00000, 0x000000070aa00000, 0x000000070ac00000|  0%| F|  |TAMS 0x000000070aa00000| PB 0x000000070aa00000| Untracked |  0
|  53|0x000000070ac00000, 0x000000070ac00000, 0x000000070ae00000|  0%| F|  |TAMS 0x000000070ac00000| PB 0x000000070ac00000| Untracked |  0
|  54|0x000000070ae00000, 0x000000070ae00000, 0x000000070b000000|  0%| F|  |TAMS 0x000000070ae00000| PB 0x000000070ae00000| Untracked |  0
|  55|0x000000070b000000, 0x000000070b000000, 0x000000070b200000|  0%| F|  |TAMS 0x000000070b000000| PB 0x000000070b000000| Untracked |  0
|  56|0x000000070b200000, 0x000000070b200000, 0x000000070b400000|  0%| F|  |TAMS 0x000000070b200000| PB 0x000000070b200000| Untracked |  0
|  57|0x000000070b400000, 0x000000070b400000, 0x000000070b600000|  0%| F|  |TAMS 0x000000070b400000| PB 0x000000070b400000| Untracked |  0
|  58|0x000000070b600000, 0x000000070b600000, 0x000000070b800000|  0%| F|  |TAMS 0x000000070b600000| PB 0x000000070b600000| Untracked |  0
|  59|0x000000070b800000, 0x000000070b800000, 0x000000070ba00000|  0%| F|  |TAMS 0x000000070b800000| PB 0x000000070b800000| Untracked |  0
|  60|0x000000070ba00000, 0x000000070ba00000, 0x000000070bc00000|  0%| F|  |TAMS 0x000000070ba00000| PB 0x000000070ba00000| Untracked |  0
|  61|0x000000070bc00000, 0x000000070bc00000, 0x000000070be00000|  0%| F|  |TAMS 0x000000070bc00000| PB 0x000000070bc00000| Untracked |  0
|  62|0x000000070be00000, 0x000000070be00000, 0x000000070c000000|  0%| F|  |TAMS 0x000000070be00000| PB 0x000000070be00000| Untracked |  0
|  63|0x000000070c000000, 0x000000070c000000, 0x000000070c200000|  0%| F|  |TAMS 0x000000070c000000| PB 0x000000070c000000| Untracked |  0
|  64|0x000000070c200000, 0x000000070c200000, 0x000000070c400000|  0%| F|  |TAMS 0x000000070c200000| PB 0x000000070c200000| Untracked |  0
|  65|0x000000070c400000, 0x000000070c400000, 0x000000070c600000|  0%| F|  |TAMS 0x000000070c400000| PB 0x000000070c400000| Untracked |  0
|  66|0x000000070c600000, 0x000000070c600000, 0x000000070c800000|  0%| F|  |TAMS 0x000000070c600000| PB 0x000000070c600000| Untracked |  0
|  67|0x000000070c800000, 0x000000070c800000, 0x000000070ca00000|  0%| F|  |TAMS 0x000000070c800000| PB 0x000000070c800000| Untracked |  0
|  68|0x000000070ca00000, 0x000000070ca00000, 0x000000070cc00000|  0%| F|  |TAMS 0x000000070ca00000| PB 0x000000070ca00000| Untracked |  0
|  69|0x000000070cc00000, 0x000000070cc00000, 0x000000070ce00000|  0%| F|  |TAMS 0x000000070cc00000| PB 0x000000070cc00000| Untracked |  0
|  70|0x000000070ce00000, 0x000000070ce00000, 0x000000070d000000|  0%| F|  |TAMS 0x000000070ce00000| PB 0x000000070ce00000| Untracked |  0
|  71|0x000000070d000000, 0x000000070d000000, 0x000000070d200000|  0%| F|  |TAMS 0x000000070d000000| PB 0x000000070d000000| Untracked |  0
|  72|0x000000070d200000, 0x000000070d200000, 0x000000070d400000|  0%| F|  |TAMS 0x000000070d200000| PB 0x000000070d200000| Untracked |  0
|  73|0x000000070d400000, 0x000000070d400000, 0x000000070d600000|  0%| F|  |TAMS 0x000000070d400000| PB 0x000000070d400000| Untracked |  0
|  74|0x000000070d600000, 0x000000070d600000, 0x000000070d800000|  0%| F|  |TAMS 0x000000070d600000| PB 0x000000070d600000| Untracked |  0
|  75|0x000000070d800000, 0x000000070d800000, 0x000000070da00000|  0%| F|  |TAMS 0x000000070d800000| PB 0x000000070d800000| Untracked |  0
|  76|0x000000070da00000, 0x000000070da00000, 0x000000070dc00000|  0%| F|  |TAMS 0x000000070da00000| PB 0x000000070da00000| Untracked |  0
|  77|0x000000070dc00000, 0x000000070dc00000, 0x000000070de00000|  0%| F|  |TAMS 0x000000070dc00000| PB 0x000000070dc00000| Untracked |  0
|  78|0x000000070de00000, 0x000000070de00000, 0x000000070e000000|  0%| F|  |TAMS 0x000000070de00000| PB 0x000000070de00000| Untracked |  0
|  79|0x000000070e000000, 0x000000070e000000, 0x000000070e200000|  0%| F|  |TAMS 0x000000070e000000| PB 0x000000070e000000| Untracked |  0
|  80|0x000000070e200000, 0x000000070e200000, 0x000000070e400000|  0%| F|  |TAMS 0x000000070e200000| PB 0x000000070e200000| Untracked |  0
|  81|0x000000070e400000, 0x000000070e400000, 0x000000070e600000|  0%| F|  |TAMS 0x000000070e400000| PB 0x000000070e400000| Untracked |  0
|  82|0x000000070e600000, 0x000000070e600000, 0x000000070e800000|  0%| F|  |TAMS 0x000000070e600000| PB 0x000000070e600000| Untracked |  0
|  83|0x000000070e800000, 0x000000070e800000, 0x000000070ea00000|  0%| F|  |TAMS 0x000000070e800000| PB 0x000000070e800000| Untracked |  0
|  84|0x000000070ea00000, 0x000000070ea00000, 0x000000070ec00000|  0%| F|  |TAMS 0x000000070ea00000| PB 0x000000070ea00000| Untracked |  0
|  85|0x000000070ec00000, 0x000000070ec00000, 0x000000070ee00000|  0%| F|  |TAMS 0x000000070ec00000| PB 0x000000070ec00000| Untracked |  0
|  86|0x000000070ee00000, 0x000000070ee00000, 0x000000070f000000|  0%| F|  |TAMS 0x000000070ee00000| PB 0x000000070ee00000| Untracked |  0
|  87|0x000000070f000000, 0x000000070f000000, 0x000000070f200000|  0%| F|  |TAMS 0x000000070f000000| PB 0x000000070f000000| Untracked |  0
|  88|0x000000070f200000, 0x000000070f200000, 0x000000070f400000|  0%| F|  |TAMS 0x000000070f200000| PB 0x000000070f200000| Untracked |  0
|  89|0x000000070f400000, 0x000000070f400000, 0x000000070f600000|  0%| F|  |TAMS 0x000000070f400000| PB 0x000000070f400000| Untracked |  0
|  90|0x000000070f600000, 0x000000070f600000, 0x000000070f800000|  0%| F|  |TAMS 0x000000070f600000| PB 0x000000070f600000| Untracked |  0
|  91|0x000000070f800000, 0x000000070f800000, 0x000000070fa00000|  0%| F|  |TAMS 0x000000070f800000| PB 0x000000070f800000| Untracked |  0
|  92|0x000000070fa00000, 0x000000070fa00000, 0x000000070fc00000|  0%| F|  |TAMS 0x000000070fa00000| PB 0x000000070fa00000| Untracked |  0
|  93|0x000000070fc00000, 0x000000070fc00000, 0x000000070fe00000|  0%| F|  |TAMS 0x000000070fc00000| PB 0x000000070fc00000| Untracked |  0
|  94|0x000000070fe00000, 0x000000070fe00000, 0x0000000710000000|  0%| F|  |TAMS 0x000000070fe00000| PB 0x000000070fe00000| Untracked |  0
|  95|0x0000000710000000, 0x0000000710000000, 0x0000000710200000|  0%| F|  |TAMS 0x0000000710000000| PB 0x0000000710000000| Untracked |  0
|  96|0x0000000710200000, 0x0000000710200000, 0x0000000710400000|  0%| F|  |TAMS 0x0000000710200000| PB 0x0000000710200000| Untracked |  0
|  97|0x0000000710400000, 0x0000000710400000, 0x0000000710600000|  0%| F|  |TAMS 0x0000000710400000| PB 0x0000000710400000| Untracked |  0
|  98|0x0000000710600000, 0x0000000710600000, 0x0000000710800000|  0%| F|  |TAMS 0x0000000710600000| PB 0x0000000710600000| Untracked |  0
|  99|0x0000000710800000, 0x0000000710800000, 0x0000000710a00000|  0%| F|  |TAMS 0x0000000710800000| PB 0x0000000710800000| Untracked |  0
| 100|0x0000000710a00000, 0x0000000710a00000, 0x0000000710c00000|  0%| F|  |TAMS 0x0000000710a00000| PB 0x0000000710a00000| Untracked |  0
| 101|0x0000000710c00000, 0x0000000710c00000, 0x0000000710e00000|  0%| F|  |TAMS 0x0000000710c00000| PB 0x0000000710c00000| Untracked |  0
| 102|0x0000000710e00000, 0x0000000710e00000, 0x0000000711000000|  0%| F|  |TAMS 0x0000000710e00000| PB 0x0000000710e00000| Untracked |  0
| 103|0x0000000711000000, 0x0000000711000000, 0x0000000711200000|  0%| F|  |TAMS 0x0000000711000000| PB 0x0000000711000000| Untracked |  0
| 104|0x0000000711200000, 0x0000000711200000, 0x0000000711400000|  0%| F|  |TAMS 0x0000000711200000| PB 0x0000000711200000| Untracked |  0
| 105|0x0000000711400000, 0x0000000711400000, 0x0000000711600000|  0%| F|  |TAMS 0x0000000711400000| PB 0x0000000711400000| Untracked |  0
| 106|0x0000000711600000, 0x0000000711600000, 0x0000000711800000|  0%| F|  |TAMS 0x0000000711600000| PB 0x0000000711600000| Untracked |  0
| 107|0x0000000711800000, 0x0000000711800000, 0x0000000711a00000|  0%| F|  |TAMS 0x0000000711800000| PB 0x0000000711800000| Untracked |  0
| 108|0x0000000711a00000, 0x0000000711a00000, 0x0000000711c00000|  0%| F|  |TAMS 0x0000000711a00000| PB 0x0000000711a00000| Untracked |  0
| 109|0x0000000711c00000, 0x0000000711c00000, 0x0000000711e00000|  0%| F|  |TAMS 0x0000000711c00000| PB 0x0000000711c00000| Untracked |  0
| 110|0x0000000711e00000, 0x0000000711e00000, 0x0000000712000000|  0%| F|  |TAMS 0x0000000711e00000| PB 0x0000000711e00000| Untracked |  0
| 111|0x0000000712000000, 0x0000000712000000, 0x0000000712200000|  0%| F|  |TAMS 0x0000000712000000| PB 0x0000000712000000| Untracked |  0
| 112|0x0000000712200000, 0x0000000712200000, 0x0000000712400000|  0%| F|  |TAMS 0x0000000712200000| PB 0x0000000712200000| Untracked |  0
| 113|0x0000000712400000, 0x0000000712400000, 0x0000000712600000|  0%| F|  |TAMS 0x0000000712400000| PB 0x0000000712400000| Untracked |  0
| 114|0x0000000712600000, 0x0000000712600000, 0x0000000712800000|  0%| F|  |TAMS 0x0000000712600000| PB 0x0000000712600000| Untracked |  0
| 115|0x0000000712800000, 0x00000007129af4d0, 0x0000000712a00000| 84%| S|CS|TAMS 0x0000000712800000| PB 0x0000000712800000| Complete |  0
| 116|0x0000000712a00000, 0x0000000712b6f108, 0x0000000712c00000| 71%| E|  |TAMS 0x0000000712a00000| PB 0x0000000712a00000| Complete |  0
| 117|0x0000000712c00000, 0x0000000712e00000, 0x0000000712e00000|100%| E|CS|TAMS 0x0000000712c00000| PB 0x0000000712c00000| Complete |  0
| 118|0x0000000712e00000, 0x0000000713000000, 0x0000000713000000|100%| E|  |TAMS 0x0000000712e00000| PB 0x0000000712e00000| Complete |  0
| 119|0x0000000713000000, 0x0000000713200000, 0x0000000713200000|100%| E|CS|TAMS 0x0000000713000000| PB 0x0000000713000000| Complete |  0
| 120|0x0000000713200000, 0x0000000713400000, 0x0000000713400000|100%| E|CS|TAMS 0x0000000713200000| PB 0x0000000713200000| Complete |  0
| 121|0x0000000713400000, 0x0000000713600000, 0x0000000713600000|100%| E|CS|TAMS 0x0000000713400000| PB 0x0000000713400000| Complete |  0
| 122|0x0000000713600000, 0x0000000713800000, 0x0000000713800000|100%| E|CS|TAMS 0x0000000713600000| PB 0x0000000713600000| Complete |  0
| 123|0x0000000713800000, 0x0000000713a00000, 0x0000000713a00000|100%| E|CS|TAMS 0x0000000713800000| PB 0x0000000713800000| Complete |  0
| 124|0x0000000713a00000, 0x0000000713c00000, 0x0000000713c00000|100%| E|CS|TAMS 0x0000000713a00000| PB 0x0000000713a00000| Complete |  0
| 125|0x0000000713c00000, 0x0000000713e00000, 0x0000000713e00000|100%| E|CS|TAMS 0x0000000713c00000| PB 0x0000000713c00000| Complete |  0

Card table byte_map: [0x000001881e680000,0x000001881ee60000] _byte_map_base: 0x000001881ae5f000

Marking Bits: (CMBitMap*) 0x0000018806147290
 Bits: [0x000001881ee60000, 0x0000018822d58000)

Polling page: 0x0000018804110000

Metaspace:

Usage:
  Non-class:     14.77 MB used.
      Class:      2.23 MB used.
       Both:     17.00 MB used.

Virtual space:
  Non-class space:       64.00 MB reserved,      14.94 MB ( 23%) committed,  1 nodes.
      Class space:        1.00 GB reserved,       2.38 MB ( <1%) committed,  1 nodes.
             Both:        1.06 GB reserved,      17.31 MB (  2%) committed. 

Chunk freelists:
   Non-Class:  1.02 MB
       Class:  13.52 MB
        Both:  14.53 MB

MaxMetaspaceSize: unlimited
CompressedClassSpaceSize: 1.00 GB
Initial GC threshold: 21.00 MB
Current GC threshold: 21.00 MB
CDS: on
 - commit_granule_bytes: 65536.
 - commit_granule_words: 8192.
 - virtual_space_node_default_size: 8388608.
 - enlarge_chunks_in_place: 1.
 - use_allocation_guard: 0.


Internal statistics:

num_allocs_failed_limit: 0.
num_arena_births: 356.
num_arena_deaths: 0.
num_vsnodes_births: 2.
num_vsnodes_deaths: 0.
num_space_committed: 277.
num_space_uncommitted: 0.
num_chunks_returned_to_freelist: 0.
num_chunks_taken_from_freelist: 890.
num_chunk_merges: 0.
num_chunk_splits: 599.
num_chunks_enlarged: 416.
num_inconsistent_stats: 0.

CodeHeap 'non-profiled nmethods': size=120064Kb used=747Kb max_used=747Kb free=119316Kb
 bounds [0x0000018816520000, 0x0000018816790000, 0x000001881da60000]
CodeHeap 'profiled nmethods': size=120000Kb used=3438Kb max_used=3438Kb free=116561Kb
 bounds [0x000001880ea60000, 0x000001880edc0000, 0x0000018815f90000]
CodeHeap 'non-nmethods': size=5696Kb used=1559Kb max_used=1575Kb free=4136Kb
 bounds [0x0000018815f90000, 0x0000018816200000, 0x0000018816520000]
CodeCache: size=245760Kb, used=5744Kb, max_used=5760Kb, free=240013Kb
 total_blobs=2973, nmethods=2439, adapters=439, full_count=0
Compilation: enabled, stopped_count=0, restarted_count=0

Compilation events (20 events):
Event: 1.204 Thread 0x00000188257bcb10 nmethod 2352 0x00000188165d4788 code [0x00000188165d48a0, 0x00000188165d4970]
Event: 1.204 Thread 0x00000188257bcb10 2354       1       org.springframework.core.io.support.PathMatchingResourcePatternResolver::getPathMatcher (5 bytes)
Event: 1.204 Thread 0x00000188257bcb10 nmethod 2354 0x00000188165d4a88 code [0x00000188165d4ba0, 0x00000188165d4c70]
Event: 1.204 Thread 0x00000188257bcb10 2359       3       org.springframework.core.io.FileSystemResource::hashCode (8 bytes)
Event: 1.205 Thread 0x00000188257bcb10 nmethod 2359 0x000001880ed90d08 code [0x000001880ed90e20, 0x000001880ed90f68]
Event: 1.205 Thread 0x000001886c191810 2313 %     4       java.util.Arrays::fill @ 10 (28 bytes)
Event: 1.208 Thread 0x000001886c191810 nmethod 2313% 0x00000188165d4d88 code [0x00000188165d4ea0, 0x00000188165d50a8]
Event: 1.208 Thread 0x000001886c191810 2344       4       org.springframework.util.AntPathMatcher::isWildcardChar (38 bytes)
Event: 1.209 Thread 0x000001886c191810 nmethod 2344 0x00000188165d5108 code [0x00000188165d5200, 0x00000188165d52a8]
Event: 1.209 Thread 0x000001886c191810 2296       4       java.util.zip.ZipFile$Source::getEntryHash (7 bytes)
Event: 1.210 Thread 0x000001886c191810 nmethod 2296 0x00000188165d5408 code [0x00000188165d5500, 0x00000188165d55c0]
Event: 1.210 Thread 0x000001886c191810 2356       4       java.lang.String::indexOf (18 bytes)
Event: 1.212 Thread 0x000001886c191810 nmethod 2356 0x00000188165d5708 code [0x00000188165d5820, 0x00000188165d5b88]
Event: 1.212 Thread 0x000001886c191810 2357       4       java.lang.String::indexOf (101 bytes)
Event: 1.214 Thread 0x000001886c191810 nmethod 2357 0x00000188165d5c08 code [0x00000188165d5d20, 0x00000188165d60a0]
Event: 1.214 Thread 0x000001886c191810 2358       4       java.lang.Math::clamp (49 bytes)
Event: 1.214 Thread 0x000001886c191810 nmethod 2358 0x00000188165d6108 code [0x00000188165d6200, 0x00000188165d62a8]
Event: 1.216 Thread 0x00000188257bcb10 2360       3       java.lang.Class::protectionDomain (48 bytes)
Event: 1.217 Thread 0x00000188257bcb10 nmethod 2360 0x000001880ed91008 code [0x000001880ed911e0, 0x000001880ed91920]
Event: 1.221 Thread 0x000001886c191810 2361       4       java.util.zip.ZipFile$Source::getEntryPos (164 bytes)

GC Heap History (4 events):
Event: 0.609 GC heap before
{Heap before GC invocations=0 (full 0):
 garbage-first heap   total reserved 4126720K, committed 258048K, used 22528K [0x0000000704200000, 0x0000000800000000)
  region size 2048K, 12 young (24576K), 0 survivors (0K)
 Metaspace       used 6046K, committed 6272K, reserved 1114112K
  class space    used 719K, committed 832K, reserved 1048576K
}
Event: 0.613 GC heap after
{Heap after GC invocations=1 (full 0):
 garbage-first heap   total reserved 4126720K, committed 258048K, used 8511K [0x0000000704200000, 0x0000000800000000)
  region size 2048K, 2 young (4096K), 2 survivors (4096K)
 Metaspace       used 6046K, committed 6272K, reserved 1114112K
  class space    used 719K, committed 832K, reserved 1048576K
}
Event: 1.004 GC heap before
{Heap before GC invocations=1 (full 0):
 garbage-first heap   total reserved 4126720K, committed 258048K, used 28991K [0x0000000704200000, 0x0000000800000000)
  region size 2048K, 12 young (24576K), 2 survivors (4096K)
 Metaspace       used 11304K, committed 11648K, reserved 1114112K
  class space    used 1499K, committed 1664K, reserved 1048576K
}
Event: 1.008 GC heap after
{Heap after GC invocations=2 (full 0):
 garbage-first heap   total reserved 4126720K, committed 258048K, used 10333K [0x0000000704200000, 0x0000000800000000)
  region size 2048K, 1 young (2048K), 1 survivors (2048K)
 Metaspace       used 11304K, committed 11648K, reserved 1114112K
  class space    used 1499K, committed 1664K, reserved 1048576K
}

Dll operation events (10 events):
Event: 0.008 Loaded shared library C:\Users\truye\.jdks\corretto-23.0.2\bin\java.dll
Event: 0.039 Loaded shared library C:\Users\truye\.jdks\corretto-23.0.2\bin\jsvml.dll
Event: 0.121 Loaded shared library C:\Users\truye\.jdks\corretto-23.0.2\bin\zip.dll
Event: 0.124 Loaded shared library C:\Users\truye\.jdks\corretto-23.0.2\bin\instrument.dll
Event: 0.127 Loaded shared library C:\Users\truye\.jdks\corretto-23.0.2\bin\net.dll
Event: 0.129 Loaded shared library C:\Users\truye\.jdks\corretto-23.0.2\bin\nio.dll
Event: 0.132 Loaded shared library C:\Users\truye\.jdks\corretto-23.0.2\bin\zip.dll
Event: 0.229 Loaded shared library C:\Users\truye\.jdks\corretto-23.0.2\bin\extnet.dll
Event: 0.245 Loaded shared library C:\Users\truye\.jdks\corretto-23.0.2\bin\verify.dll
Event: 0.252 Loaded shared library C:\Users\truye\.jdks\corretto-23.0.2\bin\jimage.dll

Deoptimization events (20 events):
Event: 1.177 Thread 0x00000188060e3480 Uncommon trap: trap_request=0xffffff45 fr.pc=0x0000018816575ba4 relative=0x0000000000001b04
Event: 1.177 Thread 0x00000188060e3480 Uncommon trap: reason=unstable_if action=reinterpret pc=0x0000018816575ba4 method=java.io.WinNTFileSystem.normalize(Ljava/lang/String;)Ljava/lang/String; @ 133 c2
Event: 1.177 Thread 0x00000188060e3480 DEOPT PACKING pc=0x0000018816575ba4 sp=0x0000002422afe330
Event: 1.177 Thread 0x00000188060e3480 DEOPT UNPACKING pc=0x0000018815fe7982 sp=0x0000002422afe308 mode 2
Event: 1.177 Thread 0x00000188060e3480 Uncommon trap: trap_request=0xffffff45 fr.pc=0x000001881654c6a0 relative=0x00000000000008a0
Event: 1.177 Thread 0x00000188060e3480 Uncommon trap: reason=unstable_if action=reinterpret pc=0x000001881654c6a0 method=java.util.zip.ZipCoder.hash(Ljava/lang/String;)I @ 23 c2
Event: 1.177 Thread 0x00000188060e3480 DEOPT PACKING pc=0x000001881654c6a0 sp=0x0000002422afe4a0
Event: 1.177 Thread 0x00000188060e3480 DEOPT UNPACKING pc=0x0000018815fe7982 sp=0x0000002422afe350 mode 2
Event: 1.177 Thread 0x00000188060e3480 Uncommon trap: trap_request=0xffffff45 fr.pc=0x000001881654b28c relative=0x000000000000064c
Event: 1.177 Thread 0x00000188060e3480 Uncommon trap: reason=unstable_if action=reinterpret pc=0x000001881654b28c method=java.util.zip.ZipCoder.hash(Ljava/lang/String;)I @ 23 c2
Event: 1.177 Thread 0x00000188060e3480 DEOPT PACKING pc=0x000001881654b28c sp=0x0000002422afe430
Event: 1.177 Thread 0x00000188060e3480 DEOPT UNPACKING pc=0x0000018815fe7982 sp=0x0000002422afe350 mode 2
Event: 1.177 Thread 0x00000188060e3480 Uncommon trap: trap_request=0xffffff45 fr.pc=0x000001881654a328 relative=0x0000000000000348
Event: 1.177 Thread 0x00000188060e3480 Uncommon trap: reason=unstable_if action=reinterpret pc=0x000001881654a328 method=java.util.zip.ZipCoder.hash(Ljava/lang/String;)I @ 23 c2
Event: 1.177 Thread 0x00000188060e3480 DEOPT PACKING pc=0x000001881654a328 sp=0x0000002422afe3c0
Event: 1.177 Thread 0x00000188060e3480 DEOPT UNPACKING pc=0x0000018815fe7982 sp=0x0000002422afe348 mode 2
Event: 1.179 Thread 0x00000188060e3480 Uncommon trap: trap_request=0xffffff45 fr.pc=0x000001881653b3cc relative=0x000000000000004c
Event: 1.179 Thread 0x00000188060e3480 Uncommon trap: reason=unstable_if action=reinterpret pc=0x000001881653b3cc method=sun.nio.fs.WindowsPathParser.isSlash(C)Z @ 9 c2
Event: 1.179 Thread 0x00000188060e3480 DEOPT PACKING pc=0x000001881653b3cc sp=0x0000002422afe5d0
Event: 1.179 Thread 0x00000188060e3480 DEOPT UNPACKING pc=0x0000018815fe7982 sp=0x0000002422afe558 mode 2

Classes loaded (20 events):
Event: 1.209 Loading class java/nio/channels/Channels
Event: 1.209 Loading class java/nio/channels/Channels done
Event: 1.209 Loading class sun/nio/ch/Streams
Event: 1.210 Loading class sun/nio/ch/Streams done
Event: 1.210 Loading class sun/nio/ch/SocketChannelImpl
Event: 1.210 Loading class sun/nio/ch/SelChImpl
Event: 1.210 Loading class sun/nio/ch/SelChImpl done
Event: 1.210 Loading class java/nio/channels/SocketChannel
Event: 1.210 Loading class java/nio/channels/NetworkChannel
Event: 1.210 Loading class java/nio/channels/NetworkChannel done
Event: 1.210 Loading class java/nio/channels/spi/AbstractSelectableChannel
Event: 1.210 Loading class java/nio/channels/SelectableChannel
Event: 1.210 Loading class java/nio/channels/SelectableChannel done
Event: 1.210 Loading class java/nio/channels/spi/AbstractSelectableChannel done
Event: 1.210 Loading class java/nio/channels/SocketChannel done
Event: 1.210 Loading class sun/nio/ch/SocketChannelImpl done
Event: 1.210 Loading class sun/nio/ch/ChannelInputStream
Event: 1.210 Loading class sun/nio/ch/ChannelInputStream done
Event: 1.213 Loading class sun/nio/ch/IOStatus
Event: 1.213 Loading class sun/nio/ch/IOStatus done

Classes unloaded (0 events):
No events

Classes redefined (0 events):
No events

Internal exceptions (20 events):
Event: 0.737 Thread 0x00000188060e3480 Exception <a 'java/lang/NoSuchMethodError'{0x0000000713990e18}: 'int java.lang.invoke.DirectMethodHandle$Holder.invokeStaticInit(java.lang.Object, float, float)'> (0x0000000713990e18) 
thrown [s\src\hotspot\share\interpreter\linkResolver.cpp, line 796]
Event: 0.737 Thread 0x00000188060e3480 Exception <a 'java/lang/NoSuchMethodError'{0x00000007139978b8}: 'int java.lang.invoke.DirectMethodHandle$Holder.invokeStaticInit(java.lang.Object, double, double)'> (0x00000007139978b8) 
thrown [s\src\hotspot\share\interpreter\linkResolver.cpp, line 796]
Event: 0.737 Thread 0x00000188060e3480 Exception <a 'java/lang/NoSuchMethodError'{0x000000071399be28}: 'int java.lang.invoke.DirectMethodHandle$Holder.invokeStatic(java.lang.Object, long)'> (0x000000071399be28) 
thrown [s\src\hotspot\share\interpreter\linkResolver.cpp, line 796]
Event: 0.740 Thread 0x00000188060e3480 Exception <a 'java/lang/NoSuchMethodError'{0x00000007139be248}: 'int java.lang.invoke.Invokers$Holder.linkToTargetMethod(java.lang.Object, java.lang.Object)'> (0x00000007139be248) 
thrown [s\src\hotspot\share\interpreter\linkResolver.cpp, line 796]
Event: 0.758 Thread 0x00000188060e3480 Exception <a 'java/lang/NoSuchMethodError'{0x000000071364a4a0}: 'java.lang.Object java.lang.invoke.DirectMethodHandle$Holder.invokeSpecial(java.lang.Object, java.lang.Object, java.lang.Object, int, java.lang.Object)'> (0x000000071364a4a0) 
thrown [s\src\hotspot\share\interpreter\linkResolver.cpp, line 796]
Event: 0.759 Thread 0x00000188060e3480 Exception <a 'java/lang/NoSuchMethodError'{0x0000000713651fa8}: 'java.lang.Object java.lang.invoke.DirectMethodHandle$Holder.newInvokeSpecial(java.lang.Object, java.lang.Object, java.lang.Object, int, java.lang.Object)'> (0x0000000713651fa8) 
thrown [s\src\hotspot\share\interpreter\linkResolver.cpp, line 796]
Event: 0.760 Thread 0x00000188060e3480 Exception <a 'java/lang/NoSuchMethodError'{0x0000000713659580}: 'java.lang.Object java.lang.invoke.Invokers$Holder.linkToTargetMethod(java.lang.Object, java.lang.Object, int, java.lang.Object, java.lang.Object)'> (0x0000000713659580) 
thrown [s\src\hotspot\share\interpreter\linkResolver.cpp, line 796]
Event: 0.761 Thread 0x00000188060e3480 Exception <a 'java/lang/NoSuchMethodError'{0x0000000713661100}: 'int java.lang.invoke.DirectMethodHandle$Holder.invokeStatic(java.lang.Object, int, java.lang.Object, java.lang.Object)'> (0x0000000713661100) 
thrown [s\src\hotspot\share\interpreter\linkResolver.cpp, line 796]
Event: 0.761 Thread 0x00000188060e3480 Exception <a 'java/lang/NoSuchMethodError'{0x00000007136682c8}: 'java.lang.Object java.lang.invoke.DirectMethodHandle$Holder.newInvokeSpecial(java.lang.Object, int, java.lang.Object)'> (0x00000007136682c8) 
thrown [s\src\hotspot\share\interpreter\linkResolver.cpp, line 796]
Event: 0.762 Thread 0x00000188060e3480 Exception <a 'java/lang/NoSuchMethodError'{0x000000071366ce50}: 'int java.lang.invoke.DirectMethodHandle$Holder.invokeSpecialIFC(java.lang.Object, java.lang.Object, java.lang.Object, java.lang.Object)'> (0x000000071366ce50) 
thrown [s\src\hotspot\share\interpreter\linkResolver.cpp, line 796]
Event: 0.780 Thread 0x00000188060e3480 Exception <a 'java/lang/NoSuchMethodError'{0x000000071371af58}: 'void java.lang.invoke.DirectMethodHandle$Holder.invokeInterface(java.lang.Object, java.lang.Object, java.lang.Object)'> (0x000000071371af58) 
thrown [s\src\hotspot\share\interpreter\linkResolver.cpp, line 796]
Event: 0.799 Thread 0x00000188060e3480 Exception <a 'java/lang/NoSuchMethodError'{0x00000007137a38b0}: 'void java.lang.invoke.DirectMethodHandle$Holder.invokeStaticInit(java.lang.Object, java.lang.Object, java.lang.Object)'> (0x00000007137a38b0) 
thrown [s\src\hotspot\share\interpreter\linkResolver.cpp, line 796]
Event: 0.825 Thread 0x00000188060e3480 Exception <a 'java/lang/NoSuchMethodError'{0x0000000713478940}: 'void java.lang.invoke.DirectMethodHandle$Holder.invokeVirtual(java.lang.Object, java.lang.Object, java.lang.Object, java.lang.Object)'> (0x0000000713478940) 
thrown [s\src\hotspot\share\interpreter\linkResolver.cpp, line 796]
Event: 0.901 Thread 0x00000188060e3480 Exception <a 'java/lang/NoSuchMethodError'{0x00000007132c37e8}: 'java.lang.reflect.Field[] java.lang.Class.getDeclaredFields(java.lang.Class)'> (0x00000007132c37e8) 
thrown [s\src\hotspot\share\interpreter\linkResolver.cpp, line 796]
Event: 0.902 Thread 0x00000188060e3480 Exception <a 'java/lang/NoSuchMethodError'{0x000000071330c8f0}: 'java.lang.Object java.lang.invoke.DirectMethodHandle$Holder.invokeStatic(java.lang.Object, java.lang.Object, int)'> (0x000000071330c8f0) 
thrown [s\src\hotspot\share\interpreter\linkResolver.cpp, line 796]
Event: 0.903 Thread 0x00000188060e3480 Exception <a 'java/lang/NoSuchMethodError'{0x0000000713317850}: 'void java.lang.invoke.DelegatingMethodHandle$Holder.delegate(java.lang.Object, java.lang.Object, int, java.lang.Object)'> (0x0000000713317850) 
thrown [s\src\hotspot\share\interpreter\linkResolver.cpp, line 796]
Event: 0.914 Thread 0x00000188060e3480 Exception <a 'java/lang/IncompatibleClassChangeError'{0x0000000713364860}: Found class java.lang.Object, but interface was expected> (0x0000000713364860) 
thrown [s\src\hotspot\share\interpreter\linkResolver.cpp, line 863]
Event: 1.174 Thread 0x00000188060e3480 Exception <a 'java/lang/NoSuchMethodError'{0x000000071300f290}: 'java.lang.Object java.lang.invoke.DirectMethodHandle$Holder.invokeVirtual(java.lang.Object, java.lang.Object, java.lang.Object)'> (0x000000071300f290) 
thrown [s\src\hotspot\share\interpreter\linkResolver.cpp, line 796]
Event: 1.179 Thread 0x00000188060e3480 Exception <a 'java/lang/NoSuchMethodError'{0x0000000713027268}: 'int java.lang.invoke.DirectMethodHandle$Holder.invokeSpecial(java.lang.Object, java.lang.Object, java.lang.Object, java.lang.Object, java.lang.Object)'> (0x0000000713027268) 
thrown [s\src\hotspot\share\interpreter\linkResolver.cpp, line 796]
Event: 1.181 Thread 0x00000188060e3480 Exception <a 'java/lang/NoSuchMethodError'{0x000000071302f720}: 'void java.lang.invoke.DirectMethodHandle$Holder.invokeVirtual(java.lang.Object, java.lang.Object)'> (0x000000071302f720) 
thrown [s\src\hotspot\share\interpreter\linkResolver.cpp, line 796]

VM Operations (20 events):
Event: 0.466 Executing VM operation: HandshakeAllThreads (Deoptimize)
Event: 0.466 Executing VM operation: HandshakeAllThreads (Deoptimize) done
Event: 0.466 Executing VM operation: HandshakeAllThreads (Deoptimize)
Event: 0.466 Executing VM operation: HandshakeAllThreads (Deoptimize) done
Event: 0.551 Executing VM operation: HandshakeAllThreads (Deoptimize)
Event: 0.552 Executing VM operation: HandshakeAllThreads (Deoptimize) done
Event: 0.559 Executing VM operation: HandshakeAllThreads (Deoptimize)
Event: 0.559 Executing VM operation: HandshakeAllThreads (Deoptimize) done
Event: 0.609 Executing VM operation: G1CollectForAllocation (G1 Evacuation Pause)
Event: 0.613 Executing VM operation: G1CollectForAllocation (G1 Evacuation Pause) done
Event: 0.890 Executing VM operation: HandshakeAllThreads (Deoptimize)
Event: 0.890 Executing VM operation: HandshakeAllThreads (Deoptimize) done
Event: 0.890 Executing VM operation: HandshakeAllThreads (Deoptimize)
Event: 0.890 Executing VM operation: HandshakeAllThreads (Deoptimize) done
Event: 0.902 Executing VM operation: HandshakeAllThreads (Deoptimize)
Event: 0.902 Executing VM operation: HandshakeAllThreads (Deoptimize) done
Event: 1.004 Executing VM operation: G1CollectForAllocation (G1 Evacuation Pause)
Event: 1.008 Executing VM operation: G1CollectForAllocation (G1 Evacuation Pause) done
Event: 1.158 Executing VM operation: HandshakeAllThreads (Deoptimize)
Event: 1.158 Executing VM operation: HandshakeAllThreads (Deoptimize) done

Memory protections (0 events):
No events

Nmethod flushes (0 events):
No events

Events (15 events):
Event: 0.021 Thread 0x00000188060e3480 Thread added: 0x00000188060e3480
Event: 0.036 Thread 0x00000188060e3480 Thread added: 0x00000188257ac590
Event: 0.036 Thread 0x00000188060e3480 Thread added: 0x00000188257ad0e0
Event: 0.036 Thread 0x00000188060e3480 Thread added: 0x00000188257b1450
Event: 0.036 Thread 0x00000188060e3480 Thread added: 0x00000188257b2d70
Event: 0.036 Thread 0x00000188060e3480 Thread added: 0x00000188257b4db0
Event: 0.036 Thread 0x00000188060e3480 Thread added: 0x00000188257b85b0
Event: 0.036 Thread 0x00000188060e3480 Thread added: 0x00000188257c6c70
Event: 0.036 Thread 0x00000188060e3480 Thread added: 0x00000188257bcb10
Event: 0.104 Thread 0x00000188060e3480 Thread added: 0x00000188258b8c80
Event: 0.156 Thread 0x00000188257c6c70 Thread added: 0x0000018825adaba0
Event: 0.218 Thread 0x00000188060e3480 Thread added: 0x0000018825a4fb00
Event: 0.218 Thread 0x00000188060e3480 Thread added: 0x0000018825a50170
Event: 0.896 Thread 0x00000188060e3480 Thread added: 0x000001886c0062c0
Event: 1.205 Thread 0x00000188257bcb10 Thread added: 0x000001886c191810


Dynamic libraries:
0x00007ff7929a0000 - 0x00007ff7929ae000 	C:\Users\truye\.jdks\corretto-23.0.2\bin\java.exe
0x00007ffa3cd60000 - 0x00007ffa3cfc7000 	C:\WINDOWS\SYSTEM32\ntdll.dll
0x00007ffa3b610000 - 0x00007ffa3b6d9000 	C:\WINDOWS\System32\KERNEL32.DLL
0x00007ffa3a640000 - 0x00007ffa3aa2f000 	C:\WINDOWS\System32\KERNELBASE.dll
0x00007ffa3a4f0000 - 0x00007ffa3a63b000 	C:\WINDOWS\System32\ucrtbase.dll
0x00007ffa2b040000 - 0x00007ffa2b05b000 	C:\Users\truye\.jdks\corretto-23.0.2\bin\VCRUNTIME140.dll
0x00007ffa31f30000 - 0x00007ffa31f47000 	C:\Users\truye\.jdks\corretto-23.0.2\bin\jli.dll
0x00007ffa3b410000 - 0x00007ffa3b5d5000 	C:\WINDOWS\System32\USER32.dll
0x00007ffa25b80000 - 0x00007ffa25e13000 	C:\WINDOWS\WinSxS\amd64_microsoft.windows.common-controls_6595b64144ccf1df_6.0.26100.7309_none_3e05feeae336a044\COMCTL32.dll
0x00007ffa3aa40000 - 0x00007ffa3aa67000 	C:\WINDOWS\System32\win32u.dll
0x00007ffa3ae30000 - 0x00007ffa3aed9000 	C:\WINDOWS\System32\msvcrt.dll
0x00007ffa3c170000 - 0x00007ffa3c19b000 	C:\WINDOWS\System32\GDI32.dll
0x00007ffa3a3c0000 - 0x00007ffa3a4ec000 	C:\WINDOWS\System32\gdi32full.dll
0x00007ffa39eb0000 - 0x00007ffa39f53000 	C:\WINDOWS\System32\msvcp_win.dll
0x00007ffa3b1e0000 - 0x00007ffa3b211000 	C:\WINDOWS\System32\IMM32.DLL
0x00007ffa36b30000 - 0x00007ffa36b3c000 	C:\Users\truye\.jdks\corretto-23.0.2\bin\vcruntime140_1.dll
0x00007ffa14830000 - 0x00007ffa148bd000 	C:\Users\truye\.jdks\corretto-23.0.2\bin\msvcp140.dll
0x00007ff9d3df0000 - 0x00007ff9d4bc8000 	C:\Users\truye\.jdks\corretto-23.0.2\bin\server\jvm.dll
0x00007ffa3ab00000 - 0x00007ffa3abb4000 	C:\WINDOWS\System32\ADVAPI32.dll
0x00007ffa3aee0000 - 0x00007ffa3af86000 	C:\WINDOWS\System32\sechost.dll
0x00007ffa3b7a0000 - 0x00007ffa3b8b8000 	C:\WINDOWS\System32\RPCRT4.dll
0x00007ffa3bd60000 - 0x00007ffa3bdd4000 	C:\WINDOWS\System32\WS2_32.dll
0x00007ffa39d30000 - 0x00007ffa39d8e000 	C:\WINDOWS\SYSTEM32\POWRPROF.dll
0x00007ffa32120000 - 0x00007ffa32155000 	C:\WINDOWS\SYSTEM32\WINMM.dll
0x00007ffa2aa50000 - 0x00007ffa2aa5b000 	C:\WINDOWS\SYSTEM32\VERSION.dll
0x00007ffa39d10000 - 0x00007ffa39d24000 	C:\WINDOWS\SYSTEM32\UMPDC.dll
0x00007ffa38c40000 - 0x00007ffa38c5b000 	C:\WINDOWS\SYSTEM32\kernel.appcore.dll
0x00007ffa36ab0000 - 0x00007ffa36aba000 	C:\Users\truye\.jdks\corretto-23.0.2\bin\jimage.dll
0x00007ffa374d0000 - 0x00007ffa37712000 	C:\WINDOWS\SYSTEM32\DBGHELP.DLL
0x00007ffa3bde0000 - 0x00007ffa3c165000 	C:\WINDOWS\System32\combase.dll
0x00007ffa3af90000 - 0x00007ffa3b066000 	C:\WINDOWS\System32\OLEAUT32.dll
0x00007ffa25870000 - 0x00007ffa258ac000 	C:\WINDOWS\SYSTEM32\dbgcore.DLL
0x00007ffa3a310000 - 0x00007ffa3a3b5000 	C:\WINDOWS\System32\bcryptPrimitives.dll
0x00007ffa348a0000 - 0x00007ffa348ae000 	C:\Users\truye\.jdks\corretto-23.0.2\bin\instrument.dll
0x00007ffa2aec0000 - 0x00007ffa2aede000 	C:\Users\truye\.jdks\corretto-23.0.2\bin\java.dll
0x00007ffa3c900000 - 0x00007ffa3ca97000 	C:\WINDOWS\System32\ole32.dll
0x00007ffa3c1a0000 - 0x00007ffa3c8f3000 	C:\WINDOWS\System32\SHELL32.dll
0x00007ffa3a1a0000 - 0x00007ffa3a30a000 	C:\WINDOWS\System32\wintypes.dll
0x00007ffa37a70000 - 0x00007ffa382ce000 	C:\WINDOWS\SYSTEM32\windows.storage.dll
0x00007ffa3cc10000 - 0x00007ffa3cd05000 	C:\WINDOWS\System32\SHCORE.dll
0x00007ffa3caa0000 - 0x00007ffa3cb06000 	C:\WINDOWS\System32\shlwapi.dll
0x00007ffa39dd0000 - 0x00007ffa39df9000 	C:\WINDOWS\SYSTEM32\profapi.dll
0x00007ff9f1920000 - 0x00007ff9f19f7000 	C:\Users\truye\.jdks\corretto-23.0.2\bin\jsvml.dll
0x00007ffa159d0000 - 0x00007ffa159e7000 	C:\Users\truye\.jdks\corretto-23.0.2\bin\zip.dll
0x00007ffa2b4f0000 - 0x00007ffa2b500000 	C:\Users\truye\.jdks\corretto-23.0.2\bin\net.dll
0x00007ffa391d0000 - 0x00007ffa3923b000 	C:\WINDOWS\system32\mswsock.dll
0x00007ffa2ac90000 - 0x00007ffa2aca6000 	C:\Users\truye\.jdks\corretto-23.0.2\bin\nio.dll
0x00007ffa15880000 - 0x00007ffa15889000 	C:\Users\truye\.jdks\corretto-23.0.2\bin\extnet.dll
0x00007ffa15870000 - 0x00007ffa15880000 	C:\Users\truye\.jdks\corretto-23.0.2\bin\verify.dll

dbghelp: loaded successfully - version: 4.0.5 - missing functions: none
symbol engine: initialized successfully - sym options: 0x614 - pdb path: .;C:\Users\truye\.jdks\corretto-23.0.2\bin;C:\WINDOWS\SYSTEM32;C:\WINDOWS\WinSxS\amd64_microsoft.windows.common-controls_6595b64144ccf1df_6.0.26100.7309_none_3e05feeae336a044;C:\Users\truye\.jdks\corretto-23.0.2\bin\server

VM Arguments:
jvm_args: -javaagent:C:\Program Files\JetBrains\IntelliJ IDEA Community Edition 2024.3.5\lib\idea_rt.jar=64253 -Dfile.encoding=UTF-8 -Dsun.stdout.encoding=UTF-8 -Dsun.stderr.encoding=UTF-8 
java_command: com.restaurant.restaurant_manager.RestaurantManagerApplication
java_class_path (initial): D:\Java\restaurant-manager\target\classes;C:\Users\truye\.m2\repository\org\springframework\boot\spring-boot-starter-mail\3.5.7\spring-boot-starter-mail-3.5.7.jar;C:\Users\truye\.m2\repository\org\springframework\boot\spring-boot-starter\3.5.7\spring-boot-starter-3.5.7.jar;C:\Users\truye\.m2\repository\org\springframework\boot\spring-boot\3.5.7\spring-boot-3.5.7.jar;C:\Users\truye\.m2\repository\org\springframework\boot\spring-boot-autoconfigure\3.5.7\spring-boot-autoconfigure-3.5.7.jar;C:\Users\truye\.m2\repository\org\springframework\boot\spring-boot-starter-logging\3.5.7\spring-boot-starter-logging-3.5.7.jar;C:\Users\truye\.m2\repository\ch\qos\logback\logback-classic\1.5.20\logback-classic-1.5.20.jar;C:\Users\truye\.m2\repository\ch\qos\logback\logback-core\1.5.20\logback-core-1.5.20.jar;C:\Users\truye\.m2\repository\org\apache\logging\log4j\log4j-to-slf4j\2.24.3\log4j-to-slf4j-2.24.3.jar;C:\Users\truye\.m2\repository\org\apache\logging\log4j\log4j-api\2.24.3\log4j-api-2.24.3.jar;C:\Users\truye\.m2\repository\org\slf4j\jul-to-slf4j\2.0.17\jul-to-slf4j-2.0.17.jar;C:\Users\truye\.m2\repository\jakarta\annotation\jakarta.annotation-api\2.1.1\jakarta.annotation-api-2.1.1.jar;C:\Users\truye\.m2\repository\org\yaml\snakeyaml\2.4\snakeyaml-2.4.jar;C:\Users\truye\.m2\repository\org\springframework\spring-context-support\6.2.12\spring-context-support-6.2.12.jar;C:\Users\truye\.m2\repository\org\springframework\spring-beans\6.2.12\spring-beans-6.2.12.jar;C:\Users\truye\.m2\repository\org\springframework\spring-context\6.2.12\spring-context-6.2.12.jar;C:\Users\truye\.m2\repository\org\eclipse\angus\jakarta.mail\2.0.5\jakarta.mail-2.0.5.jar;C:\Users\truye\.m2\repository\jakarta\activation\jakarta.activation-api\2.1.4\jakarta.activation-api-2.1.4.jar;C:\Users\truye\.m2\repository\org\eclipse\angus\angus-activation\2.0.3\angus-activation-2.0.3.jar;C:\Users\truye\.m2\repository\org\springframework\boot\spring-boot-starter-data-jpa\3.5.7\spring-boot-starter-data-jpa-3.5.7.jar;C:\Users\truye\.m2\repository\org\springframework\boot\spring-boot-starter-jdbc\3.5.7\spring-boot-starter-jdbc-3.5.7.jar;C:\Users\truye\.m2\repository\com\zaxxer\HikariCP\6.3.3\HikariCP-6.3.3.jar;C:\Users\truye\.m2\repository\org\springframework\spring-jdbc\6.2.12\spring-jdbc-6.2.12.jar;C:\Users\truye\.m2\repository\org\hibernate\orm\hibernate-core\6.6.33.Final\hibernate-core-6.6.33.Final.jar;C:\Users\truye\.m2\repository\jakarta\persistence\jakarta.persistence-api\3.1.0\jakarta.persistence-api-3.1.0.jar;C:\Users\truye\.m2\repository\jakarta\transaction\jakarta.transaction-api\2.0.1\jakarta.transaction-api-2.0.1.jar;C:\Users\truye\.m2\repository\org\jboss\logging\jboss-logging\3.6.1.Final\jboss-logging-3.6.1.Final.jar;C:\Users\truye\.m2\repository\org\hibernate\common\hibernate-commons-annotations\7.0.3.Final\hibernate-commons-annotations-7.0.3.Final.jar;C:\Users\truye\.m2\repository\io\smallrye\jandex\3.2.0\jandex-3.2.0.jar;C:\Users\truye\.m2\repository\com\fasterxml\classmate\1.7.1\classmate-1.7.1.jar;C:\Users\truye\.m2\repository\net\bytebuddy\byte-buddy\1.17.8\byte-buddy-1.17.8.jar;C:\Users\truye\.m2\repository\org\glassfish\jaxb\jaxb-runtime\4.0.6\jaxb-runtime-4.0.6.jar;C:\Users\truye\.m2\repository\org\glassfish\jaxb\jaxb-core\4.0.6\jaxb-core-4.0.6.jar;C:\Users\truye\.m2\repository\org\glassfish\jaxb\txw2\4.0.6\txw2-4.0.6.jar;C:\Users\truye\.m2\repository\com\sun\istack\istack-commons-runtime\4.1.2\istack-commons-runtime-4.1.2.jar;C:\Users\truye\.m2\repository\jakarta\inject\jakarta.inject-api\2.0.1\jakarta.inject-api-2.0.1.jar;C:\Users\truye\.m2\repository\org\antlr\antlr4-runtime\4.13.0\antlr4-runtime-4.13.0.jar;C:\Users\truye\.m2\repository\org\springframework\data\spring-data-jpa\3.5.5\spring-data-jpa-3.5.5.jar;C:\Users\truye\.m2\repository\org\springframework\data\spring-data-commons\3.5.5\spring-data-commons-3.5.5.jar;C:\Users\truye\.m2\repository\org\springframework\spring-orm\6.2.12\spring-orm-6.2.12.jar;C:\Users\truye\.m2\repository\org\springframework\spring-tx\6.2.12\spring-tx-6.2.12.jar;C:\Users\truye\.m2\repository\org\springframework\spring-aspects\6.2.12\spring-aspects-6.2.12.jar;C:\Users\truye\.m2\repository\org\aspectj\aspectjweaver\1.9.24\aspectjweaver-1.9.24.jar;C:\Users\truye\.m2\repository\org\springframework\boot\spring-boot-starter-security\3.5.7\spring-boot-starter-security-3.5.7.jar;C:\Users\truye\.m2\repository\org\springframework\spring-aop\6.2.12\spring-aop-6.2.12.jar;C:\Users\truye\.m2\repository\org\springframework\security\spring-security-config\6.5.6\spring-security-config-6.5.6.jar;C:\Users\truye\.m2\repository\org\springframework\security\spring-security-web\6.5.6\spring-security-web-6.5.6.jar;C:\Users\truye\.m2\repository\org\springframework\spring-expression\6.2.12\spring-expression-6.2.12.jar;C:\Users\truye\.m2\repository\io\jsonwebtoken\jjwt-api\0.12.5\jjwt-api-0.12.5.jar;C:\Users\truye\.m2\repository\io\jsonwebtoken\jjwt-impl\0.12.5\jjwt-impl-0.12.5.jar;C:\Users\truye\.m2\repository\io\jsonwebtoken\jjwt-jackson\0.12.5\jjwt-jackson-0.12.5.jar;C:\Users\truye\.m2\repository\com\fasterxml\jackson\core\jackson-databind\2.19.2\jackson-databind-2.19.2.jar;C:\Users\truye\.m2\repository\org\springframework\boot\spring-boot-starter-thymeleaf\3.5.7\spring-boot-starter-thymeleaf-3.5.7.jar;C:\Users\truye\.m2\repository\org\thymeleaf\thymeleaf-spring6\3.1.3.RELEASE\thymeleaf-spring6-3.1.3.RELEASE.jar;C:\Users\truye\.m2\repository\org\thymeleaf\thymeleaf\3.1.3.RELEASE\thymeleaf-3.1.3.RELEASE.jar;C:\Users\truye\.m2\repository\org\attoparser\attoparser\2.0.7.RELEASE\attoparser-2.0.7.RELEASE.jar;C:\Users\truye\.m2\repository\org\unbescape\unbescape\1.1.6.RELEASE\unbescape-1.1.6.RELEASE.jar;C:\Users\truye\.m2\repository\org\springframework\boot\spring-boot-starter-validation\3.5.7\spring-boot-starter-validation-3.5.7.jar;C:\Users\truye\.m2\repository\org\apache\tomcat\embed\tomcat-embed-el\10.1.48\tomcat-embed-el-10.1.48.jar;C:\Users\truye\.m2\repository\org\hibernate\validator\hibernate-validator\8.0.3.Final\hibernate-validator-8.0.3.Final.jar;C:\Users\truye\.m2\repository\jakarta\validation\jakarta.validation-api\3.0.2\jakarta.validation-api-3.0.2.jar;C:\Users\truye\.m2\repository\org\springframework\boot\spring-boot-starter-web\3.5.7\spring-boot-starter-web-3.5.7.jar;C:\Users\truye\.m2\repository\org\springframework\boot\spring-boot-starter-json\3.5.7\spring-boot-starter-json-3.5.7.jar;C:\Users\truye\.m2\repository\com\fasterxml\jackson\datatype\jackson-datatype-jdk8\2.19.2\jackson-datatype-jdk8-2.19.2.jar;C:\Users\truye\.m2\repository\com\fasterxml\jackson\module\jackson-module-parameter-names\2.19.2\jackson-module-parameter-names-2.19.2.jar;C:\Users\truye\.m2\repository\org\springframework\boot\spring-boot-starter-tomcat\3.5.7\spring-boot-starter-tomcat-3.5.7.jar;C:\Users\truye\.m2\repository\org\apache\tomcat\embed\tomcat-embed-core\10.1.48\tomcat-embed-core-10.1.48.jar;C:\Users\truye\.m2\repository\org\apache\tomcat\embed\tomcat-embed-websocket\10.1.48\tomcat-embed-websocket-10.1.48.jar;C:\Users\truye\.m2\repository\org\springframework\spring-web\6.2.12\spring-web-6.2.12.jar;C:\Users\truye\.m2\repository\io\micrometer\micrometer-observation\1.15.5\micrometer-observation-1.15.5.jar;C:\Users\truye\.m2\repository\io\micrometer\micrometer-commons\1.15.5\micrometer-commons-1.15.5.jar;C:\Users\truye\.m2\repository\org\springframework\spring-webmvc\6.2.12\spring-webmvc-6.2.12.jar;C:\Users\truye\.m2\repository\org\thymeleaf\extras\thymeleaf-extras-springsecurity6\3.1.3.RELEASE\thymeleaf-extras-springsecurity6-3.1.3.RELEASE.jar;C:\Users\truye\.m2\repository\org\slf4j\slf4j-api\2.0.17\slf4j-api-2.0.17.jar;C:\Users\truye\.m2\repository\com\mysql\mysql-connector-j\9.4.0\mysql-connector-j-9.4.0.jar;C:\Users\truye\.m2\repository\org\projectlombok\lombok\1.18.42\lombok-1.18.42.jar;C:\Users\truye\.m2\repository\com\google\api-client\google-api-client\2.0.0\google-api-client-2.0.0.jar;C:\Users\truye\.m2\repository\com\google\oauth-client\google-oauth-client\1.34.1\google-oauth-client-1.34.1.jar;C:\Users\truye\.m2\repository\com\google\http-client\google-http-client-gson\1.42.1\google-http-client-gson-1.42.1.jar;C:\Users\truye\.m2\repository\com\google\code\gson\gson\2.13.2\gson-2.13.2.jar;C:\Users\truye\.m2\repository\com\google\guava\guava\31.1-jre\guava-31.1-jre.jar;C:\Users\truye\.m2\repository\com\google\guava\failureaccess\1.0.1\failureaccess-1.0.1.jar;C:\Users\truye\.m2\repository\com\google\guava\listenablefuture\9999.0-empty-to-avoid-conflict-with-guava\listenablefuture-9999.0-empty-to-avoid-conflict-with-guava.jar;C:\Users\truye\.m2\repository\com\google\code\findbugs\jsr305\3.0.2\jsr305-3.0.2.jar;C:\Users\truye\.m2\repository\org\checkerframework\checker-qual\3.12.0\checker-qual-3.12.0.jar;C:\Users\truye\.m2\repository\com\google\errorprone\error_prone_annotations\2.11.0\error_prone_annotations-2.11.0.jar;C:\Users\truye\.m2\repository\com\google\j2objc\j2objc-annotations\1.3\j2objc-annotations-1.3.jar;C:\Users\truye\.m2\repository\com\google\http-client\google-http-client-apache-v2\1.42.1\google-http-client-apache-v2-1.42.1.jar;C:\Users\truye\.m2\repository\org\apache\httpcomponents\httpcore\4.4.16\httpcore-4.4.16.jar;C:\Users\truye\.m2\repository\org\apache\httpcomponents\httpclient\4.5.13\httpclient-4.5.13.jar;C:\Users\truye\.m2\repository\commons-logging\commons-logging\1.2\commons-logging-1.2.jar;C:\Users\truye\.m2\repository\commons-codec\commons-codec\1.18.0\commons-codec-1.18.0.jar;C:\Users\truye\.m2\repository\com\google\http-client\google-http-client\1.42.1\google-http-client-1.42.1.jar;C:\Users\truye\.m2\repository\io\opencensus\opencensus-api\0.31.1\opencensus-api-0.31.1.jar;C:\Users\truye\.m2\repository\io\grpc\grpc-context\1.27.2\grpc-context-1.27.2.jar;C:\Users\truye\.m2\repository\io\opencensus\opencensus-contrib-http-util\0.31.1\opencensus-contrib-http-util-0.31.1.jar;C:\Users\truye\.m2\repository\com\google\http-client\google-http-client-jackson2\1.43.3\google-http-client-jackson2-1.43.3.jar;C:\Users\truye\.m2\repository\com\fasterxml\jackson\core\jackson-core\2.19.2\jackson-core-2.19.2.jar;C:\Users\truye\.m2\repository\com\fasterxml\jackson\datatype\jackson-datatype-jsr310\2.19.2\jackson-datatype-jsr310-2.19.2.jar;C:\Users\truye\.m2\repository\com\fasterxml\jackson\core\jackson-annotations\2.19.2\jackson-annotations-2.19.2.jar;C:\Users\truye\.m2\repository\jakarta\xml\bind\jakarta.xml.bind-api\4.0.4\jakarta.xml.bind-api-4.0.4.jar;C:\Users\truye\.m2\repository\org\springframework\spring-core\6.2.12\spring-core-6.2.12.jar;C:\Users\truye\.m2\repository\org\springframework\spring-jcl\6.2.12\spring-jcl-6.2.12.jar;C:\Users\truye\.m2\repository\org\springframework\security\spring-security-core\6.5.6\spring-security-core-6.5.6.jar;C:\Users\truye\.m2\repository\org\springframework\security\spring-security-crypto\6.5.6\spring-security-crypto-6.5.6.jar;C:\Users\truye\.m2\repository\com\cloudinary\cloudinary-http44\1.38.0\cloudinary-http44-1.38.0.jar;C:\Users\truye\.m2\repository\com\cloudinary\cloudinary-core\1.38.0\cloudinary-core-1.38.0.jar;C:\Users\truye\.m2\repository\org\apache\commons\commons-lang3\3.17.0\commons-lang3-3.17.0.jar;C:\Users\truye\.m2\repository\org\apache\httpcomponents\httpmime\4.4\httpmime-4.4.jar
Launcher Type: SUN_STANDARD

[Global flags]
     intx CICompilerCount                          = 4                                         {product} {ergonomic}
     uint ConcGCThreads                            = 2                                         {product} {ergonomic}
     uint G1ConcRefinementThreads                  = 8                                         {product} {ergonomic}
   size_t G1HeapRegionSize                         = 2097152                                   {product} {ergonomic}
   size_t InitialHeapSize                          = 264241152                                 {product} {ergonomic}
   size_t MarkStackSize                            = 4194304                                   {product} {ergonomic}
   size_t MarkStackSizeMax                         = 536870912                                 {product} {ergonomic}
   size_t MaxHeapSize                              = 4225761280                                {product} {ergonomic}
   size_t MaxNewSize                               = 2535456768                                {product} {ergonomic}
   size_t MinHeapDeltaBytes                        = 2097152                                   {product} {ergonomic}
   size_t MinHeapSize                              = 8388608                                   {product} {ergonomic}
    uintx NonNMethodCodeHeapSize                   = 5832704                                {pd product} {ergonomic}
    uintx NonProfiledCodeHeapSize                  = 122945536                              {pd product} {ergonomic}
     bool PerfDisableSharedMem                     = true                                      {product} {ergonomic}
    uintx ProfiledCodeHeapSize                     = 122880000                              {pd product} {ergonomic}
    uintx ReservedCodeCacheSize                    = 251658240                              {pd product} {ergonomic}
     bool SegmentedCodeCache                       = true                                      {product} {ergonomic}
   size_t SoftMaxHeapSize                          = 4225761280                             {manageable} {ergonomic}
     bool UseCompressedOops                        = true                           {product lp64_product} {ergonomic}
     bool UseG1GC                                  = true                                      {product} {ergonomic}
     bool UseLargePagesIndividualAllocation        = false                                  {pd product} {ergonomic}

Logging:
Log output configuration:
 #0: stdout all=warning uptime,level,tags foldmultilines=false
 #1: stderr all=off uptime,level,tags foldmultilines=false

Environment Variables:
PATH=C:\Program Files\Common Files\Oracle\Java\javapath;C:\WINDOWS\system32;C:\WINDOWS;C:\WINDOWS\System32\Wbem;C:\WINDOWS\System32\WindowsPowerShell\v1.0\;C:\WINDOWS\System32\OpenSSH\;C:\Program Files\dotnet\;C:\Program Files\Microsoft SQL Server\120\Tools\Binn\;C:\Program Files\Microsoft SQL Server\Client SDK\ODBC\110\Tools\Binn\;C:\Program Files (x86)\Microsoft SQL Server\120\Tools\Binn\;C:\Program Files\Microsoft SQL Server\120\DTS\Binn\;C:\Program Files (x86)\Microsoft SQL Server\120\Tools\Binn\ManagementStudio\;C:\Program Files (x86)\Microsoft SQL Server\120\DTS\Binn\;C:\MinGW\bin;C:\msys64\mingw64\bin.;C:\msys64\mingw64\bin;C:\Program Files\Git\cmd;C:\Program Files\MongoDB\Server\8.0\bin;C:\Program Files\Docker\Docker\resources\bin;C:\Users\truye\AppData\Local\nvm;C:\nvm4w\nodejs;C:\Program Files\nodejs\;C:\Program Files\PostgreSQL\psqlODBC\bin;C:\Users\truye\AppData\Local\Programs\Python\Python313\Scripts\;C:\Users\truye\AppData\Local\Programs\Python\Python313\;D:\Scripts\;D:\;C:\Users\truye\AppData\Local\Microsoft\WindowsApps;C:\Users\truye\AppData\Local\Programs\Microsoft VS Code\bin;C:\Users\truye\AppData\Local\GitHubDesktop\bin;C:\Downloads\IntelliJ IDEA 2023.3.6\bin;;C:\xampp\php;C:\Users\truye\.local\lib\python3.10-mingw_x86_64\site-packages;C:\Program Files\Java\jdk-17\bin;C:\Users\truye\.bun\bin;C:\Program Files\JetBrains\IntelliJ IDEA Community Edition 2024.3.5\bin;;C:\Users\truye\AppData\Local\nvm;C:\nvm4w\nodejs;C:\Users\truye\AppData\Roaming\npm;C:\Users\truye\.dotnet\tools
USERNAME=Ng?c Ti
OS=Windows_NT
PROCESSOR_IDENTIFIER=Intel64 Family 6 Model 140 Stepping 1, GenuineIntel
TMP=C:\Users\truye\AppData\Local\Temp
TEMP=C:\Users\truye\AppData\Local\Temp




Periodic native trim disabled

---------------  S Y S T E M  ---------------

OS:
 Windows 11 , 64 bit Build 26100 (10.0.26100.7309)
OS uptime: 4 days 10:24 hours
Hyper-V role detected

CPU: total 8 (initial active 8) (4 cores per cpu, 2 threads per core) family 6 model 140 stepping 1 microcode 0xbc, cx8, cmov, fxsr, ht, mmx, 3dnowpref, sse, sse2, sse3, ssse3, sse4.1, sse4.2, popcnt, lzcnt, tsc, tscinvbit, avx, avx2, aes, erms, clmul, bmi1, bmi2, adx, avx512f, avx512dq, avx512cd, avx512bw, avx512vl, sha, fma, vzeroupper, avx512_vpopcntdq, avx512_vpclmulqdq, avx512_vaes, avx512_vnni, clflush, clflushopt, clwb, avx512_vbmi2, avx512_vbmi, hv, rdtscp, rdpid, fsrm, gfni, avx512_bitalg, f16c, cet_ibt, cet_ss, avx512_ifma
Processor Information for the first 8 processors :
  Max Mhz: 2419, Current Mhz: 2419, Mhz Limit: 2419

Memory: 4k page, system-wide physical 16118M (2059M free)
TotalPageFile size 28522M (AvailPageFile size 6M)
current process WorkingSet (physical memory assigned to process): 135M, peak: 136M
current process commit charge ("private bytes"): 393M, peak: 394M

vm_info: OpenJDK 64-Bit Server VM (23.0.2+7-FR) for windows-amd64 JRE (23.0.2+7-FR), built on 2025-01-07T22:59:58Z with MS VC++ 16.10 / 16.11 (VS2019)

END.
